<?xml version="1.0" encoding="UTF-8"?>
<testng-results ignored="0" total="1" passed="1" failed="0" skipped="0">
  <reporter-output>
  </reporter-output>
  <suite started-at="2018-04-17T13:39:59Z" name="Surefire suite" finished-at="2018-04-17T13:40:04Z" duration-ms="5152">
    <groups>
    </groups>
    <test started-at="2018-04-17T13:39:59Z" name="Surefire test" finished-at="2018-04-17T13:40:04Z" duration-ms="5152">
      <class name="devOps.SampleTest">
        <test-method signature="f()[pri:0, instance:devOps.SampleTest@41e36e46]" started-at="2018-04-17T13:39:59Z" name="f" finished-at="2018-04-17T13:40:04Z" duration-ms="5132" status="PASS">
          <reporter-output>
          </reporter-output>
        </test-method> <!-- f -->
      </class> <!-- devOps.SampleTest -->
    </test> <!-- Surefire test -->
  </suite> <!-- Surefire suite -->
</testng-results>
