<?xml version="1.0" encoding="UTF-8"?>
<testng-results ignored="0" total="1" passed="1" failed="0" skipped="0">
  <reporter-output>
  </reporter-output>
  <suite started-at="2018-04-17T13:39:19Z" name="POC" finished-at="2018-04-17T13:39:28Z" duration-ms="9302">
    <groups>
    </groups>
    <test started-at="2018-04-17T13:39:19Z" name="POCTest" finished-at="2018-04-17T13:39:28Z" duration-ms="9302">
      <class name="devOps.SampleTest">
        <test-method signature="f()[pri:0, instance:devOps.SampleTest@2b4bac49]" started-at="2018-04-17T13:39:19Z" name="f" finished-at="2018-04-17T13:39:28Z" duration-ms="9279" status="PASS">
          <reporter-output>
          </reporter-output>
        </test-method> <!-- f -->
      </class> <!-- devOps.SampleTest -->
    </test> <!-- POCTest -->
  </suite> <!-- POC -->
</testng-results>
